
> web@0.1.0 build D:\developWorkPlaces\WebProject\recipe-planner-app\apps\web
> next build

   ▲ Next.js 14.0.3

   Creating an optimized production build ...
(node:33476) [DEP_WEBPACK_MODULE_UPDATE_HASH] DeprecationWarning: Module.updateHash: Use new ChunkGraph API
(Use `node --trace-deprecation ...` to show where the warning was created)
 ✓ Compiled successfully
   Skipping validation of types
   Skipping linting
   Collecting page data ...
   Generating static pages (0/17) ...
   Generating static pages (4/17) 
   Generating static pages (8/17) 
   Generating static pages (12/17) 
 ✓ Generating static pages (17/17) 
   Finalizing page optimization ...
   Collecting build traces ...

Route (app)                              Size     First Load JS
┌ ○ /                                    1.34 kB        97.1 kB
├ ○ /_not-found                          873 B          84.9 kB
├ λ /api/meal-plans                      0 B                0 B
├ λ /api/nutrition/calculate             0 B                0 B
├ λ /api/recipes                         0 B                0 B
├ λ /api/recipes/[id]                    0 B                0 B
├ λ /api/recipes/[id]/comments           0 B                0 B
├ λ /api/recipes/[id]/favorite           0 B                0 B
├ λ /api/recipes/[id]/rating             0 B                0 B
├ λ /api/recipes/[id]/share              0 B                0 B
├ λ /api/shopping-list                   0 B                0 B
├ λ /api/shopping-list/items/[id]        0 B                0 B
├ λ /api/upload                          0 B                0 B
├ λ /login                               13.5 kB         112 kB
├ ○ /meal-plans                          25.1 kB         145 kB
├ ○ /nutrition-demo                      502 B           128 kB
├ ○ /profile                             8.84 kB         108 kB
├ λ /recipes                             11.5 kB         150 kB
├ λ /recipes/[recipeId]                  10.6 kB         125 kB
├ ○ /recipes/create                      5.6 kB          138 kB
├ λ /register                            3.65 kB         103 kB
├ λ /shared/[shareId]                    4.18 kB         104 kB
└ ○ /shopping-list                       7.26 kB         102 kB
+ First Load JS shared by all            84 kB
  ├ chunks/235-4cd9f3b9c06a7693.js       28.7 kB
  ├ chunks/2fd3e8dd-8ec4b4ff5b88854d.js  53.3 kB
  ├ chunks/main-app-7ca51d05eeb8711d.js  219 B
  └ chunks/webpack-69462eda81ae1edb.js   1.8 kB


○  (Static)   prerendered as static content
λ  (Dynamic)  server-rendered on demand using Node.js

