
> web@0.1.0 lint D:\developWorkPlaces\WebProject\recipe-planner-app\apps\web
> next lint


./app/(main)/meal-plans/page.tsx
35:5  Warning: 'sidebarRecipes' is assigned a value but never used. Allowed unused vars must match /^_/u.  @typescript-eslint/no-unused-vars

./app/(main)/nutrition-demo/page.tsx
5:10  Warning: 'useForm' is defined but never used. Allowed unused vars must match /^_/u.  @typescript-eslint/no-unused-vars
6:10  Warning: 'Button' is defined but never used. Allowed unused vars must match /^_/u.  @typescript-eslint/no-unused-vars

./app/(main)/profile/page.tsx
14:16  Warning: 'setUser' is assigned a value but never used. Allowed unused vars must match /^_/u.  @typescript-eslint/no-unused-vars

./app/(main)/recipes/create/page.tsx
15:61  Warning: 'PlusIcon' is defined but never used. Allowed unused vars must match /^_/u.  @typescript-eslint/no-unused-vars
184:9  Warning: 'addNutrition' is assigned a value but never used. Allowed unused vars must match /^_/u.  @typescript-eslint/no-unused-vars
197:9  Warning: 'removeNutrition' is assigned a value but never used. Allowed unused vars must match /^_/u.  @typescript-eslint/no-unused-vars

./app/api/meal-plans/actions.ts
101:49  Warning: Unexpected any. Specify a different type.  @typescript-eslint/no-explicit-any

./app/api/meal-plans/route.ts
19:18  Warning: Unexpected any. Specify a different type.  @typescript-eslint/no-explicit-any

./app/api/recipes/route.ts
22:18  Warning: Unexpected any. Specify a different type.  @typescript-eslint/no-explicit-any
63:18  Warning: Unexpected any. Specify a different type.  @typescript-eslint/no-explicit-any

./app/api/recipes/[id]/share/route.ts
73:13  Warning: 'data' is assigned a value but never used. Allowed unused vars must match /^_/u.  @typescript-eslint/no-unused-vars

./app/api/shopping-list/route.ts
6:27  Warning: 'request' is defined but never used. Allowed unused args must match /^_/u.  @typescript-eslint/no-unused-vars

./app/api/upload/route.ts
46:13  Warning: 'data' is assigned a value but never used. Allowed unused vars must match /^_/u.  @typescript-eslint/no-unused-vars

./app/shared/[shareId]/page.tsx
118:56  Warning: Unexpected any. Specify a different type.  @typescript-eslint/no-explicit-any
129:56  Warning: Unexpected any. Specify a different type.  @typescript-eslint/no-explicit-any
157:87  Warning: Unexpected any. Specify a different type.  @typescript-eslint/no-explicit-any
182:53  Warning: Unexpected any. Specify a different type.  @typescript-eslint/no-explicit-any
193:44  Warning: Unexpected any. Specify a different type.  @typescript-eslint/no-explicit-any

./components/shared/header.tsx
23:22  Warning: 'setIsLoggedIn' is assigned a value but never used. Allowed unused vars must match /^_/u.  @typescript-eslint/no-unused-vars

./lib/local-storage.ts
36:29  Warning: Unexpected any. Specify a different type.  @typescript-eslint/no-explicit-any
44:47  Warning: Unexpected any. Specify a different type.  @typescript-eslint/no-explicit-any
63:33  Warning: Unexpected any. Specify a different type.  @typescript-eslint/no-explicit-any
100:26  Warning: Unexpected any. Specify a different type.  @typescript-eslint/no-explicit-any
107:14  Warning: 'columns' is defined but never used. Allowed unused args must match /^_/u.  @typescript-eslint/no-unused-vars
119:12  Warning: 'bucket' is defined but never used. Allowed unused args must match /^_/u.  @typescript-eslint/no-unused-vars

info  - Need to disable some ESLint rules? Learn more here: https://nextjs.org/docs/basic-features/eslint#disabling-rules
